<?xml version="1.0" encoding="UTF-8"?>
<coverage generated="1667067620713" clover="3.2.0">
  <project timestamp="1667067620713" name="All files">
    <metrics statements="4" coveredstatements="4" conditionals="0" coveredconditionals="0" methods="2" coveredmethods="2" elements="6" coveredelements="6" complexity="0" loc="4" ncloc="4" packages="1" files="2" classes="2"/>
    <file name="characters-counts.js" path="C:\Users\mak_m\Desktop\Microverse\week-4\capstone-javascript\src\components\home\characters-counts.js">
      <metrics statements="2" coveredstatements="2" conditionals="0" coveredconditionals="0" methods="1" coveredmethods="1"/>
      <line num="1" count="1" type="stmt"/>
      <line num="2" count="1" type="stmt"/>
    </file>
    <file name="commentsCounter.js" path="C:\Users\mak_m\Desktop\Microverse\week-4\capstone-javascript\src\components\home\commentsCounter.js">
      <metrics statements="2" coveredstatements="2" conditionals="0" coveredconditionals="0" methods="1" coveredmethods="1"/>
      <line num="1" count="1" type="stmt"/>
      <line num="2" count="1" type="stmt"/>
    </file>
  </project>
</coverage>
