{"C:\\Users\\mak_m\\Desktop\\Microverse\\week-4\\capstone-javascript\\src\\components\\home\\characters-counts.js": {"path":"C:\\Users\\mak_m\\Desktop\\Microverse\\week-4\\capstone-javascript\\src\\components\\home\\characters-counts.js","statementMap":{"0":{"start":{"line":1,"column":25},"end":{"line":3,"column":1}},"1":{"start":{"line":2,"column":2},"end":{"line":2,"column":52}}},"fnMap":{"0":{"name":"(anonymous_0)","decl":{"start":{"line":1,"column":25},"end":{"line":1,"column":26}},"loc":{"start":{"line":1,"column":51},"end":{"line":3,"column":1}},"line":1}},"branchMap":{},"s":{"0":1,"1":1},"f":{"0":1},"b":{},"_coverageSchema":"1a1c01bbd47fc00a2c39e90264f33305004495a9","hash":"bc70d298847058fc97d3dff5adc62e22ba00cebe"}
,"C:\\Users\\mak_m\\Desktop\\Microverse\\week-4\\capstone-javascript\\src\\components\\home\\commentsCounter.js": {"path":"C:\\Users\\mak_m\\Desktop\\Microverse\\week-4\\capstone-javascript\\src\\components\\home\\commentsCounter.js","statementMap":{"0":{"start":{"line":1,"column":24},"end":{"line":3,"column":1}},"1":{"start":{"line":2,"column":2},"end":{"line":2,"column":54}}},"fnMap":{"0":{"name":"(anonymous_0)","decl":{"start":{"line":1,"column":24},"end":{"line":1,"column":25}},"loc":{"start":{"line":1,"column":54},"end":{"line":3,"column":1}},"line":1}},"branchMap":{},"s":{"0":1,"1":1},"f":{"0":1},"b":{},"_coverageSchema":"1a1c01bbd47fc00a2c39e90264f33305004495a9","hash":"e6353f6d0ca49530fdd09f81973bd84f1b30651a"}
}
